<?xml version="1.0" encoding="UTF-8"?>
<coverage generated="1659315652908" clover="3.2.0">
  <project timestamp="1659315652908" name="All files">
    <metrics statements="4" coveredstatements="4" conditionals="7" coveredconditionals="7" methods="5" coveredmethods="5" elements="16" coveredelements="16" complexity="0" loc="4" ncloc="4" packages="1" files="2" classes="2"/>
    <file name="09-08-practice.js" path="A:\JavascriptPratice\javascriptLearning\lessons\09-08-practice.js">
      <metrics statements="3" coveredstatements="3" conditionals="7" coveredconditionals="7" methods="4" coveredmethods="4"/>
      <line num="5" count="8" type="cond" truecount="5" falsecount="0"/>
      <line num="6" count="8" type="cond" truecount="2" falsecount="0"/>
      <line num="7" count="3" type="stmt"/>
    </file>
    <file name="sum.js" path="A:\JavascriptPratice\javascriptLearning\lessons\sum.js">
      <metrics statements="1" coveredstatements="1" conditionals="0" coveredconditionals="0" methods="1" coveredmethods="1"/>
      <line num="2" count="1" type="stmt"/>
    </file>
  </project>
</coverage>
