<?xml version="1.0" encoding="UTF-8"?>
<coverage generated="1659370063181" clover="3.2.0">
  <project timestamp="1659370063181" name="All files">
    <metrics statements="40" coveredstatements="39" conditionals="43" coveredconditionals="43" methods="16" coveredmethods="16" elements="99" coveredelements="98" complexity="0" loc="40" ncloc="40" packages="2" files="4" classes="4"/>
    <package name="lessons">
      <metrics statements="35" coveredstatements="34" conditionals="41" coveredconditionals="41" methods="15" coveredmethods="15"/>
      <file name="09-07-practice.js" path="A:\JavascriptPratice\javascriptLearning\lessons\09-07-practice.js">
        <metrics statements="31" coveredstatements="30" conditionals="34" coveredconditionals="34" methods="10" coveredmethods="10"/>
        <line num="5" count="10" type="cond" truecount="4" falsecount="0"/>
        <line num="8" count="5" type="cond" truecount="4" falsecount="0"/>
        <line num="9" count="4" type="stmt"/>
        <line num="10" count="4" type="stmt"/>
        <line num="11" count="35" type="cond" truecount="2" falsecount="0"/>
        <line num="13" count="10" type="stmt"/>
        <line num="15" count="4" type="stmt"/>
        <line num="17" count="5" type="stmt"/>
        <line num="18" count="5" type="cond" truecount="2" falsecount="0"/>
        <line num="19" count="2" type="stmt"/>
        <line num="21" count="0" type="stmt"/>
        <line num="28" count="10" type="cond" truecount="4" falsecount="0"/>
        <line num="31" count="12" type="cond" truecount="4" falsecount="0"/>
        <line num="32" count="11" type="stmt"/>
        <line num="33" count="11" type="stmt"/>
        <line num="34" count="61" type="cond" truecount="2" falsecount="0"/>
        <line num="36" count="22" type="stmt"/>
        <line num="38" count="11" type="stmt"/>
        <line num="41" count="5" type="stmt"/>
        <line num="42" count="5" type="stmt"/>
        <line num="43" count="12" type="cond" truecount="2" falsecount="0"/>
        <line num="44" count="4" type="stmt"/>
        <line num="46" count="5" type="stmt"/>
        <line num="52" count="10" type="cond" truecount="4" falsecount="0"/>
        <line num="55" count="5" type="cond" truecount="4" falsecount="0"/>
        <line num="56" count="4" type="stmt"/>
        <line num="57" count="4" type="stmt"/>
        <line num="58" count="35" type="cond" truecount="2" falsecount="0"/>
        <line num="60" count="10" type="stmt"/>
        <line num="62" count="4" type="stmt"/>
        <line num="64" count="5" type="stmt"/>
      </file>
      <file name="09-08-practice.js" path="A:\JavascriptPratice\javascriptLearning\lessons\09-08-practice.js">
        <metrics statements="3" coveredstatements="3" conditionals="7" coveredconditionals="7" methods="4" coveredmethods="4"/>
        <line num="5" count="8" type="cond" truecount="5" falsecount="0"/>
        <line num="6" count="8" type="cond" truecount="2" falsecount="0"/>
        <line num="7" count="3" type="stmt"/>
      </file>
      <file name="sum.js" path="A:\JavascriptPratice\javascriptLearning\lessons\sum.js">
        <metrics statements="1" coveredstatements="1" conditionals="0" coveredconditionals="0" methods="1" coveredmethods="1"/>
        <line num="2" count="1" type="stmt"/>
      </file>
    </package>
    <package name="pratice">
      <metrics statements="5" coveredstatements="5" conditionals="2" coveredconditionals="2" methods="1" coveredmethods="1"/>
      <file name="01.js" path="A:\JavascriptPratice\javascriptLearning\pratice\01.js">
        <metrics statements="5" coveredstatements="5" conditionals="2" coveredconditionals="2" methods="1" coveredmethods="1"/>
        <line num="4" count="5" type="cond" truecount="2" falsecount="0"/>
        <line num="5" count="3" type="stmt"/>
        <line num="6" count="3" type="stmt"/>
        <line num="7" count="5" type="stmt"/>
        <line num="9" count="3" type="stmt"/>
      </file>
    </package>
  </project>
</coverage>
