{"A:\\JavascriptPratice\\javascriptLearning\\lessons\\09-07-practice.js": {"path":"A:\\JavascriptPratice\\javascriptLearning\\lessons\\09-07-practice.js","statementMap":{"0":{"start":{"line":5,"column":1},"end":{"line":5,"column":69}},"1":{"start":{"line":5,"column":57},"end":{"line":5,"column":69}},"2":{"start":{"line":8,"column":2},"end":{"line":8,"column":37}},"3":{"start":{"line":8,"column":25},"end":{"line":8,"column":37}},"4":{"start":{"line":9,"column":17},"end":{"line":9,"column":19}},"5":{"start":{"line":10,"column":2},"end":{"line":12,"column":3}},"6":{"start":{"line":10,"column":16},"end":{"line":10,"column":17}},"7":{"start":{"line":11,"column":4},"end":{"line":11,"column":37}},"8":{"start":{"line":11,"column":23},"end":{"line":11,"column":37}},"9":{"start":{"line":13,"column":16},"end":{"line":13,"column":45}},"10":{"start":{"line":13,"column":38},"end":{"line":13,"column":41}},"11":{"start":{"line":15,"column":2},"end":{"line":15,"column":20}},"12":{"start":{"line":17,"column":2},"end":{"line":20,"column":3}},"13":{"start":{"line":17,"column":16},"end":{"line":17,"column":17}},"14":{"start":{"line":18,"column":4},"end":{"line":19,"column":20}},"15":{"start":{"line":18,"column":51},"end":{"line":18,"column":63}},"16":{"start":{"line":19,"column":9},"end":{"line":19,"column":20}},"17":{"start":{"line":21,"column":2},"end":{"line":21,"column":13}},"18":{"start":{"line":28,"column":1},"end":{"line":28,"column":69}},"19":{"start":{"line":28,"column":57},"end":{"line":28,"column":69}},"20":{"start":{"line":31,"column":2},"end":{"line":31,"column":37}},"21":{"start":{"line":31,"column":25},"end":{"line":31,"column":37}},"22":{"start":{"line":32,"column":17},"end":{"line":32,"column":19}},"23":{"start":{"line":33,"column":2},"end":{"line":35,"column":3}},"24":{"start":{"line":33,"column":16},"end":{"line":33,"column":17}},"25":{"start":{"line":34,"column":4},"end":{"line":34,"column":37}},"26":{"start":{"line":34,"column":23},"end":{"line":34,"column":37}},"27":{"start":{"line":36,"column":16},"end":{"line":36,"column":45}},"28":{"start":{"line":36,"column":38},"end":{"line":36,"column":41}},"29":{"start":{"line":38,"column":2},"end":{"line":38,"column":20}},"30":{"start":{"line":41,"column":15},"end":{"line":41,"column":16}},"31":{"start":{"line":42,"column":2},"end":{"line":45,"column":8}},"32":{"start":{"line":43,"column":4},"end":{"line":44,"column":17}},"33":{"start":{"line":43,"column":51},"end":{"line":43,"column":63}},"34":{"start":{"line":44,"column":9},"end":{"line":44,"column":17}},"35":{"start":{"line":46,"column":2},"end":{"line":46,"column":37}},"36":{"start":{"line":52,"column":1},"end":{"line":52,"column":69}},"37":{"start":{"line":52,"column":57},"end":{"line":52,"column":69}},"38":{"start":{"line":55,"column":2},"end":{"line":55,"column":37}},"39":{"start":{"line":55,"column":25},"end":{"line":55,"column":37}},"40":{"start":{"line":56,"column":17},"end":{"line":56,"column":19}},"41":{"start":{"line":57,"column":2},"end":{"line":59,"column":3}},"42":{"start":{"line":57,"column":16},"end":{"line":57,"column":17}},"43":{"start":{"line":58,"column":4},"end":{"line":58,"column":37}},"44":{"start":{"line":58,"column":23},"end":{"line":58,"column":37}},"45":{"start":{"line":60,"column":16},"end":{"line":60,"column":45}},"46":{"start":{"line":60,"column":38},"end":{"line":60,"column":41}},"47":{"start":{"line":62,"column":2},"end":{"line":62,"column":20}},"48":{"start":{"line":64,"column":2},"end":{"line":64,"column":42}}},"fnMap":{"0":{"name":"isAllPerfectNumbersV1","decl":{"start":{"line":3,"column":16},"end":{"line":3,"column":37}},"loc":{"start":{"line":3,"column":50},"end":{"line":22,"column":1}},"line":3},"1":{"name":"isPerfectNumber","decl":{"start":{"line":6,"column":11},"end":{"line":6,"column":26}},"loc":{"start":{"line":6,"column":30},"end":{"line":16,"column":3}},"line":6},"2":{"name":"(anonymous_2)","decl":{"start":{"line":13,"column":30},"end":{"line":13,"column":31}},"loc":{"start":{"line":13,"column":38},"end":{"line":13,"column":41}},"line":13},"3":{"name":"isAllPerfectNumbersV2","decl":{"start":{"line":26,"column":16},"end":{"line":26,"column":37}},"loc":{"start":{"line":26,"column":50},"end":{"line":47,"column":1}},"line":26},"4":{"name":"isPerfectNumber","decl":{"start":{"line":29,"column":11},"end":{"line":29,"column":26}},"loc":{"start":{"line":29,"column":30},"end":{"line":39,"column":3}},"line":29},"5":{"name":"(anonymous_5)","decl":{"start":{"line":36,"column":30},"end":{"line":36,"column":31}},"loc":{"start":{"line":36,"column":38},"end":{"line":36,"column":41}},"line":36},"6":{"name":"(anonymous_6)","decl":{"start":{"line":42,"column":21},"end":{"line":42,"column":22}},"loc":{"start":{"line":42,"column":42},"end":{"line":45,"column":4}},"line":42},"7":{"name":"isAllPerfectNumbersV3","decl":{"start":{"line":50,"column":16},"end":{"line":50,"column":37}},"loc":{"start":{"line":50,"column":50},"end":{"line":65,"column":1}},"line":50},"8":{"name":"isPerfectNumber","decl":{"start":{"line":53,"column":11},"end":{"line":53,"column":26}},"loc":{"start":{"line":53,"column":30},"end":{"line":63,"column":3}},"line":53},"9":{"name":"(anonymous_9)","decl":{"start":{"line":60,"column":30},"end":{"line":60,"column":31}},"loc":{"start":{"line":60,"column":38},"end":{"line":60,"column":41}},"line":60}},"branchMap":{"0":{"loc":{"start":{"line":5,"column":1},"end":{"line":5,"column":69}},"type":"if","locations":[{"start":{"line":5,"column":1},"end":{"line":5,"column":69}},{"start":{},"end":{}}],"line":5},"1":{"loc":{"start":{"line":5,"column":6},"end":{"line":5,"column":54}},"type":"binary-expr","locations":[{"start":{"line":5,"column":6},"end":{"line":5,"column":32}},{"start":{"line":5,"column":36},"end":{"line":5,"column":54}}],"line":5},"2":{"loc":{"start":{"line":8,"column":2},"end":{"line":8,"column":37}},"type":"if","locations":[{"start":{"line":8,"column":2},"end":{"line":8,"column":37}},{"start":{},"end":{}}],"line":8},"3":{"loc":{"start":{"line":8,"column":6},"end":{"line":8,"column":23}},"type":"binary-expr","locations":[{"start":{"line":8,"column":6},"end":{"line":8,"column":11}},{"start":{"line":8,"column":15},"end":{"line":8,"column":23}}],"line":8},"4":{"loc":{"start":{"line":11,"column":4},"end":{"line":11,"column":37}},"type":"if","locations":[{"start":{"line":11,"column":4},"end":{"line":11,"column":37}},{"start":{},"end":{}}],"line":11},"5":{"loc":{"start":{"line":18,"column":4},"end":{"line":19,"column":20}},"type":"if","locations":[{"start":{"line":18,"column":4},"end":{"line":19,"column":20}},{"start":{"line":19,"column":9},"end":{"line":19,"column":20}}],"line":18},"6":{"loc":{"start":{"line":28,"column":1},"end":{"line":28,"column":69}},"type":"if","locations":[{"start":{"line":28,"column":1},"end":{"line":28,"column":69}},{"start":{},"end":{}}],"line":28},"7":{"loc":{"start":{"line":28,"column":6},"end":{"line":28,"column":54}},"type":"binary-expr","locations":[{"start":{"line":28,"column":6},"end":{"line":28,"column":32}},{"start":{"line":28,"column":36},"end":{"line":28,"column":54}}],"line":28},"8":{"loc":{"start":{"line":31,"column":2},"end":{"line":31,"column":37}},"type":"if","locations":[{"start":{"line":31,"column":2},"end":{"line":31,"column":37}},{"start":{},"end":{}}],"line":31},"9":{"loc":{"start":{"line":31,"column":6},"end":{"line":31,"column":23}},"type":"binary-expr","locations":[{"start":{"line":31,"column":6},"end":{"line":31,"column":11}},{"start":{"line":31,"column":15},"end":{"line":31,"column":23}}],"line":31},"10":{"loc":{"start":{"line":34,"column":4},"end":{"line":34,"column":37}},"type":"if","locations":[{"start":{"line":34,"column":4},"end":{"line":34,"column":37}},{"start":{},"end":{}}],"line":34},"11":{"loc":{"start":{"line":43,"column":4},"end":{"line":44,"column":17}},"type":"if","locations":[{"start":{"line":43,"column":4},"end":{"line":44,"column":17}},{"start":{"line":44,"column":9},"end":{"line":44,"column":17}}],"line":43},"12":{"loc":{"start":{"line":52,"column":1},"end":{"line":52,"column":69}},"type":"if","locations":[{"start":{"line":52,"column":1},"end":{"line":52,"column":69}},{"start":{},"end":{}}],"line":52},"13":{"loc":{"start":{"line":52,"column":6},"end":{"line":52,"column":54}},"type":"binary-expr","locations":[{"start":{"line":52,"column":6},"end":{"line":52,"column":32}},{"start":{"line":52,"column":36},"end":{"line":52,"column":54}}],"line":52},"14":{"loc":{"start":{"line":55,"column":2},"end":{"line":55,"column":37}},"type":"if","locations":[{"start":{"line":55,"column":2},"end":{"line":55,"column":37}},{"start":{},"end":{}}],"line":55},"15":{"loc":{"start":{"line":55,"column":6},"end":{"line":55,"column":23}},"type":"binary-expr","locations":[{"start":{"line":55,"column":6},"end":{"line":55,"column":11}},{"start":{"line":55,"column":15},"end":{"line":55,"column":23}}],"line":55},"16":{"loc":{"start":{"line":58,"column":4},"end":{"line":58,"column":37}},"type":"if","locations":[{"start":{"line":58,"column":4},"end":{"line":58,"column":37}},{"start":{},"end":{}}],"line":58}},"s":{"0":10,"1":5,"2":5,"3":1,"4":4,"5":4,"6":4,"7":35,"8":10,"9":4,"10":10,"11":4,"12":5,"13":5,"14":5,"15":3,"16":2,"17":0,"18":10,"19":5,"20":12,"21":1,"22":11,"23":11,"24":11,"25":61,"26":22,"27":11,"28":22,"29":11,"30":5,"31":5,"32":12,"33":8,"34":4,"35":5,"36":10,"37":5,"38":5,"39":1,"40":4,"41":4,"42":4,"43":35,"44":10,"45":4,"46":10,"47":4,"48":5},"f":{"0":10,"1":5,"2":10,"3":10,"4":12,"5":22,"6":12,"7":10,"8":5,"9":10},"b":{"0":[5,5],"1":[10,6],"2":[1,4],"3":[5,4],"4":[10,25],"5":[3,2],"6":[5,5],"7":[10,6],"8":[1,11],"9":[12,11],"10":[22,39],"11":[8,4],"12":[5,5],"13":[10,6],"14":[1,4],"15":[5,4],"16":[10,25]},"_coverageSchema":"1a1c01bbd47fc00a2c39e90264f33305004495a9","hash":"fe3064e8af2f9935b2d8654beef2476ee82356cb"}
,"A:\\JavascriptPratice\\javascriptLearning\\lessons\\09-08-practice.js": {"path":"A:\\JavascriptPratice\\javascriptLearning\\lessons\\09-08-practice.js","statementMap":{"0":{"start":{"line":5,"column":2},"end":{"line":5,"column":105}},"1":{"start":{"line":5,"column":81},"end":{"line":5,"column":92}},"2":{"start":{"line":5,"column":97},"end":{"line":5,"column":105}},"3":{"start":{"line":6,"column":17},"end":{"line":6,"column":61}},"4":{"start":{"line":6,"column":40},"end":{"line":6,"column":60}},"5":{"start":{"line":7,"column":2},"end":{"line":7,"column":80}},"6":{"start":{"line":7,"column":51},"end":{"line":7,"column":60}}},"fnMap":{"0":{"name":"calcAvgOfAllEvenNumbers","decl":{"start":{"line":3,"column":16},"end":{"line":3,"column":39}},"loc":{"start":{"line":3,"column":52},"end":{"line":8,"column":1}},"line":3},"1":{"name":"(anonymous_1)","decl":{"start":{"line":5,"column":76},"end":{"line":5,"column":77}},"loc":{"start":{"line":5,"column":81},"end":{"line":5,"column":92}},"line":5},"2":{"name":"(anonymous_2)","decl":{"start":{"line":6,"column":35},"end":{"line":6,"column":36}},"loc":{"start":{"line":6,"column":40},"end":{"line":6,"column":60}},"line":6},"3":{"name":"(anonymous_3)","decl":{"start":{"line":7,"column":35},"end":{"line":7,"column":36}},"loc":{"start":{"line":7,"column":51},"end":{"line":7,"column":60}},"line":7}},"branchMap":{"0":{"loc":{"start":{"line":5,"column":2},"end":{"line":5,"column":105}},"type":"if","locations":[{"start":{"line":5,"column":2},"end":{"line":5,"column":105}},{"start":{},"end":{}}],"line":5},"1":{"loc":{"start":{"line":5,"column":7},"end":{"line":5,"column":93}},"type":"binary-expr","locations":[{"start":{"line":5,"column":7},"end":{"line":5,"column":33}},{"start":{"line":5,"column":37},"end":{"line":5,"column":55}},{"start":{"line":5,"column":59},"end":{"line":5,"column":93}}],"line":5},"2":{"loc":{"start":{"line":6,"column":40},"end":{"line":6,"column":60}},"type":"binary-expr","locations":[{"start":{"line":6,"column":40},"end":{"line":6,"column":51}},{"start":{"line":6,"column":55},"end":{"line":6,"column":60}}],"line":6}},"s":{"0":8,"1":6,"2":6,"3":2,"4":8,"5":2,"6":3},"f":{"0":8,"1":6,"2":8,"3":3},"b":{"0":[6,2],"1":[8,3,2],"2":[8,3]},"_coverageSchema":"1a1c01bbd47fc00a2c39e90264f33305004495a9","hash":"edfd82867e8c7a5247e52f14adb3a945e82222ee"}
,"A:\\JavascriptPratice\\javascriptLearning\\lessons\\sum.js": {"path":"A:\\JavascriptPratice\\javascriptLearning\\lessons\\sum.js","statementMap":{"0":{"start":{"line":2,"column":2},"end":{"line":2,"column":15}}},"fnMap":{"0":{"name":"sum","decl":{"start":{"line":1,"column":16},"end":{"line":1,"column":19}},"loc":{"start":{"line":1,"column":26},"end":{"line":3,"column":1}},"line":1}},"branchMap":{},"s":{"0":1},"f":{"0":1},"b":{},"_coverageSchema":"1a1c01bbd47fc00a2c39e90264f33305004495a9","hash":"3115ae366479e226ce5e1807ca7c34ee906d178e"}
,"A:\\JavascriptPratice\\javascriptLearning\\pratice\\01.js": {"path":"A:\\JavascriptPratice\\javascriptLearning\\pratice\\01.js","statementMap":{"0":{"start":{"line":4,"column":2},"end":{"line":4,"column":24}},"1":{"start":{"line":4,"column":16},"end":{"line":4,"column":24}},"2":{"start":{"line":5,"column":12},"end":{"line":5,"column":13}},"3":{"start":{"line":6,"column":2},"end":{"line":8,"column":3}},"4":{"start":{"line":6,"column":19},"end":{"line":6,"column":20}},"5":{"start":{"line":7,"column":4},"end":{"line":7,"column":21}},"6":{"start":{"line":9,"column":2},"end":{"line":9,"column":12}}},"fnMap":{"0":{"name":"calcSum","decl":{"start":{"line":3,"column":16},"end":{"line":3,"column":23}},"loc":{"start":{"line":3,"column":27},"end":{"line":10,"column":1}},"line":3}},"branchMap":{"0":{"loc":{"start":{"line":4,"column":2},"end":{"line":4,"column":24}},"type":"if","locations":[{"start":{"line":4,"column":2},"end":{"line":4,"column":24}},{"start":{},"end":{}}],"line":4}},"s":{"0":5,"1":2,"2":3,"3":3,"4":3,"5":5,"6":3},"f":{"0":5},"b":{"0":[2,3]},"_coverageSchema":"1a1c01bbd47fc00a2c39e90264f33305004495a9","hash":"e27c05adf4991265ba056019f1d8766f1cc2cd97"}
}
