{"A:\\JavascriptPratice\\javascriptLearning\\lessons\\09-08-practice.js": {"path":"A:\\JavascriptPratice\\javascriptLearning\\lessons\\09-08-practice.js","statementMap":{"0":{"start":{"line":5,"column":2},"end":{"line":5,"column":105}},"1":{"start":{"line":5,"column":81},"end":{"line":5,"column":92}},"2":{"start":{"line":5,"column":97},"end":{"line":5,"column":105}},"3":{"start":{"line":6,"column":17},"end":{"line":6,"column":61}},"4":{"start":{"line":6,"column":40},"end":{"line":6,"column":60}},"5":{"start":{"line":7,"column":2},"end":{"line":7,"column":80}},"6":{"start":{"line":7,"column":51},"end":{"line":7,"column":60}}},"fnMap":{"0":{"name":"calcAvgOfAllEvenNumbers","decl":{"start":{"line":3,"column":16},"end":{"line":3,"column":39}},"loc":{"start":{"line":3,"column":52},"end":{"line":8,"column":1}},"line":3},"1":{"name":"(anonymous_1)","decl":{"start":{"line":5,"column":76},"end":{"line":5,"column":77}},"loc":{"start":{"line":5,"column":81},"end":{"line":5,"column":92}},"line":5},"2":{"name":"(anonymous_2)","decl":{"start":{"line":6,"column":35},"end":{"line":6,"column":36}},"loc":{"start":{"line":6,"column":40},"end":{"line":6,"column":60}},"line":6},"3":{"name":"(anonymous_3)","decl":{"start":{"line":7,"column":35},"end":{"line":7,"column":36}},"loc":{"start":{"line":7,"column":51},"end":{"line":7,"column":60}},"line":7}},"branchMap":{"0":{"loc":{"start":{"line":5,"column":2},"end":{"line":5,"column":105}},"type":"if","locations":[{"start":{"line":5,"column":2},"end":{"line":5,"column":105}},{"start":{},"end":{}}],"line":5},"1":{"loc":{"start":{"line":5,"column":7},"end":{"line":5,"column":93}},"type":"binary-expr","locations":[{"start":{"line":5,"column":7},"end":{"line":5,"column":33}},{"start":{"line":5,"column":37},"end":{"line":5,"column":55}},{"start":{"line":5,"column":59},"end":{"line":5,"column":93}}],"line":5},"2":{"loc":{"start":{"line":6,"column":40},"end":{"line":6,"column":60}},"type":"binary-expr","locations":[{"start":{"line":6,"column":40},"end":{"line":6,"column":51}},{"start":{"line":6,"column":55},"end":{"line":6,"column":60}}],"line":6}},"s":{"0":8,"1":6,"2":6,"3":2,"4":8,"5":2,"6":3},"f":{"0":8,"1":6,"2":8,"3":3},"b":{"0":[6,2],"1":[8,3,2],"2":[8,3]},"_coverageSchema":"1a1c01bbd47fc00a2c39e90264f33305004495a9","hash":"edfd82867e8c7a5247e52f14adb3a945e82222ee"}
,"A:\\JavascriptPratice\\javascriptLearning\\lessons\\sum.js": {"path":"A:\\JavascriptPratice\\javascriptLearning\\lessons\\sum.js","statementMap":{"0":{"start":{"line":2,"column":2},"end":{"line":2,"column":15}}},"fnMap":{"0":{"name":"sum","decl":{"start":{"line":1,"column":16},"end":{"line":1,"column":19}},"loc":{"start":{"line":1,"column":26},"end":{"line":3,"column":1}},"line":1}},"branchMap":{},"s":{"0":1},"f":{"0":1},"b":{},"_coverageSchema":"1a1c01bbd47fc00a2c39e90264f33305004495a9","hash":"3115ae366479e226ce5e1807ca7c34ee906d178e"}
}
