TN:
SF:lessons\09-07-practice.js
FN:3,isAllPerfectNumbersV1
FN:6,isPerfectNumber
FN:13,(anonymous_2)
FN:26,isAllPerfectNumbersV2
FN:29,isPerfectNumber
FN:36,(anonymous_5)
FN:42,(anonymous_6)
FN:50,isAllPerfectNumbersV3
FN:53,isPerfectNumber
FN:60,(anonymous_9)
FNF:10
FNH:10
FNDA:10,isAllPerfectNumbersV1
FNDA:5,isPerfectNumber
FNDA:10,(anonymous_2)
FNDA:10,isAllPerfectNumbersV2
FNDA:12,isPerfectNumber
FNDA:22,(anonymous_5)
FNDA:12,(anonymous_6)
FNDA:10,isAllPerfectNumbersV3
FNDA:5,isPerfectNumber
FNDA:10,(anonymous_9)
DA:5,10
DA:8,5
DA:9,4
DA:10,4
DA:11,35
DA:13,10
DA:15,4
DA:17,5
DA:18,5
DA:19,2
DA:21,0
DA:28,10
DA:31,12
DA:32,11
DA:33,11
DA:34,61
DA:36,22
DA:38,11
DA:41,5
DA:42,5
DA:43,12
DA:44,4
DA:46,5
DA:52,10
DA:55,5
DA:56,4
DA:57,4
DA:58,35
DA:60,10
DA:62,4
DA:64,5
LF:31
LH:30
BRDA:5,0,0,5
BRDA:5,0,1,5
BRDA:5,1,0,10
BRDA:5,1,1,6
BRDA:8,2,0,1
BRDA:8,2,1,4
BRDA:8,3,0,5
BRDA:8,3,1,4
BRDA:11,4,0,10
BRDA:11,4,1,25
BRDA:18,5,0,3
BRDA:18,5,1,2
BRDA:28,6,0,5
BRDA:28,6,1,5
BRDA:28,7,0,10
BRDA:28,7,1,6
BRDA:31,8,0,1
BRDA:31,8,1,11
BRDA:31,9,0,12
BRDA:31,9,1,11
BRDA:34,10,0,22
BRDA:34,10,1,39
BRDA:43,11,0,8
BRDA:43,11,1,4
BRDA:52,12,0,5
BRDA:52,12,1,5
BRDA:52,13,0,10
BRDA:52,13,1,6
BRDA:55,14,0,1
BRDA:55,14,1,4
BRDA:55,15,0,5
BRDA:55,15,1,4
BRDA:58,16,0,10
BRDA:58,16,1,25
BRF:34
BRH:34
end_of_record
TN:
SF:lessons\09-08-practice.js
FN:3,calcAvgOfAllEvenNumbers
FN:5,(anonymous_1)
FN:6,(anonymous_2)
FN:7,(anonymous_3)
FNF:4
FNH:4
FNDA:8,calcAvgOfAllEvenNumbers
FNDA:6,(anonymous_1)
FNDA:8,(anonymous_2)
FNDA:3,(anonymous_3)
DA:5,8
DA:6,8
DA:7,3
LF:3
LH:3
BRDA:5,0,0,6
BRDA:5,0,1,2
BRDA:5,1,0,8
BRDA:5,1,1,3
BRDA:5,1,2,2
BRDA:6,2,0,8
BRDA:6,2,1,3
BRF:7
BRH:7
end_of_record
TN:
SF:lessons\sum.js
FN:1,sum
FNF:1
FNH:1
FNDA:1,sum
DA:2,1
LF:1
LH:1
BRF:0
BRH:0
end_of_record
TN:
SF:pratice\01.js
FN:3,calcSum
FNF:1
FNH:1
FNDA:5,calcSum
DA:4,5
DA:5,3
DA:6,3
DA:7,5
DA:9,3
LF:5
LH:5
BRDA:4,0,0,2
BRDA:4,0,1,3
BRF:2
BRH:2
end_of_record
